2026-03-03 00:40:23,162 - __main__ - INFO - start_error_handling_logging:1489 - Enhanced logging system initialized
2026-03-03 00:40:23,164 - __main__ - INFO - start_orchestration:1513 - All Golden Tier components started successfully!
2026-03-03 00:40:23,164 - __main__ - INFO - start_orchestration:1514 - Golden Tier features active:
2026-03-03 00:40:23,165 - __main__ - INFO - start_orchestration:1515 - - Cross-domain integration (Personal + Business)
2026-03-03 00:40:23,165 - __main__ - INFO - start_orchestration:1516 - - Odoo ERP integration with JSON-RPC APIs
2026-03-03 00:40:23,165 - __main__ - INFO - start_orchestration:1517 - - Social media integrations (Facebook/Instagram/X)
2026-03-03 00:40:23,166 - __main__ - INFO - start_orchestration:1518 - - Weekly audit and CEO briefing generation
2026-03-03 00:40:23,166 - __main__ - INFO - start_orchestration:1519 - - Ralph Wiggum loop for multi-step task verification
2026-03-03 00:40:23,166 - __main__ - INFO - start_orchestration:1520 - - Enhanced error handling and logging
2026-03-03 00:40:28,186 - __main__ - WARNING - monitor_processes:1545 - Process 1 has terminated unexpectedly with code 0
2026-03-03 00:41:58,777 - __main__ - INFO - start_error_handling_logging:1489 - Enhanced logging system initialized
2026-03-03 00:41:58,782 - __main__ - INFO - start_orchestration:1513 - All Golden Tier components started successfully!
2026-03-03 00:41:58,784 - __main__ - INFO - start_orchestration:1514 - Golden Tier features active:
2026-03-03 00:41:58,791 - __main__ - INFO - start_orchestration:1515 - - Cross-domain integration (Personal + Business)
2026-03-03 00:41:58,791 - __main__ - INFO - start_orchestration:1516 - - Odoo ERP integration with JSON-RPC APIs
2026-03-03 00:41:58,792 - __main__ - INFO - start_orchestration:1517 - - Social media integrations (Facebook/Instagram/X)
2026-03-03 00:41:58,794 - __main__ - INFO - start_orchestration:1518 - - Weekly audit and CEO briefing generation
2026-03-03 00:41:58,815 - __main__ - INFO - start_orchestration:1519 - - Ralph Wiggum loop for multi-step task verification
2026-03-03 00:41:58,817 - __main__ - INFO - start_orchestration:1520 - - Enhanced error handling and logging
2026-03-03 00:42:03,845 - __main__ - WARNING - monitor_processes:1545 - Process 1 has terminated unexpectedly with code 0
2026-03-03 01:15:31,233 - __main__ - INFO - stop_orchestration:1524 - Stopping Golden Tier orchestration...
2026-03-03 01:15:31,295 - __main__ - INFO - stop_orchestration:1538 - All Golden Tier components stopped.
2026-03-03 01:15:31,296 - __main__ - INFO - stop_orchestration:1524 - Stopping Golden Tier orchestration...
2026-03-03 01:15:31,297 - __main__ - INFO - stop_orchestration:1538 - All Golden Tier components stopped.
